versions pytest-8.4.1, python-3.13.5.final.0
invocation_dir=C:\Users\dumpd\Projects\Python_UI_Projects\jenkins-UI
cwd=C:\Users\dumpd\Projects\Python_UI_Projects\jenkins-UI
args=('-sv', './tests/login_test.py', '--debug')

  pytest_cmdline_main [hook]
      config: <_pytest.config.Config object at 0x0000020104052F90>
    pytest_plugin_registered [hook]
        plugin: <Session  exitstatus='<UNSET>' testsfailed=0 testscollected=0>
        plugin_name: session
        manager: <_pytest.config.PytestPluginManager object at 0x00000201040506E0>
    finish pytest_plugin_registered --> [] [hook]
    pytest_configure [hook]
        config: <_pytest.config.Config object at 0x0000020104052F90>
      pytest_plugin_registered [hook]
          plugin: <_pytest.cacheprovider.LFPlugin object at 0x00000201068ED2B0>
          plugin_name: lfplugin
          manager: <_pytest.config.PytestPluginManager object at 0x00000201040506E0>
      finish pytest_plugin_registered --> [] [hook]
      pytest_plugin_registered [hook]
          plugin: <_pytest.cacheprovider.NFPlugin object at 0x0000020106FBD550>
          plugin_name: nfplugin
          manager: <_pytest.config.PytestPluginManager object at 0x00000201040506E0>
      finish pytest_plugin_registered --> [] [hook]
    early skip of rewriting module: faulthandler [assertion]
      pytest_plugin_registered [hook]
          plugin: <class '_pytest.legacypath.LegacyTmpdirPlugin'>
          plugin_name: legacypath-tmpdir
          manager: <_pytest.config.PytestPluginManager object at 0x00000201040506E0>
      finish pytest_plugin_registered --> [] [hook]
      pytest_plugin_registered [hook]
          plugin: <_pytest.config.PytestPluginManager object at 0x00000201040506E0>
          plugin_name: 2203385661152
          manager: <_pytest.config.PytestPluginManager object at 0x00000201040506E0>
      finish pytest_plugin_registered --> [] [hook]
      pytest_plugin_registered [hook]
          plugin: <_pytest.config.Config object at 0x0000020104052F90>
          plugin_name: pytestconfig
          manager: <_pytest.config.PytestPluginManager object at 0x00000201040506E0>
      finish pytest_plugin_registered --> [] [hook]
      pytest_plugin_registered [hook]
          plugin: <module '_pytest.mark' from 'C:\\Users\\dumpd\\AppData\\Local\\Programs\\Python\\Python313\\Lib\\site-packages\\_pytest\\mark\\__init__.py'>
          plugin_name: mark
          manager: <_pytest.config.PytestPluginManager object at 0x00000201040506E0>
      finish pytest_plugin_registered --> [] [hook]
      pytest_plugin_registered [hook]
          plugin: <module '_pytest.main' from 'C:\\Users\\dumpd\\AppData\\Local\\Programs\\Python\\Python313\\Lib\\site-packages\\_pytest\\main.py'>
          plugin_name: main
          manager: <_pytest.config.PytestPluginManager object at 0x00000201040506E0>
      finish pytest_plugin_registered --> [] [hook]
      pytest_plugin_registered [hook]
          plugin: <module '_pytest.runner' from 'C:\\Users\\dumpd\\AppData\\Local\\Programs\\Python\\Python313\\Lib\\site-packages\\_pytest\\runner.py'>
          plugin_name: runner
          manager: <_pytest.config.PytestPluginManager object at 0x00000201040506E0>
      finish pytest_plugin_registered --> [] [hook]
      pytest_plugin_registered [hook]
          plugin: <module '_pytest.fixtures' from 'C:\\Users\\dumpd\\AppData\\Local\\Programs\\Python\\Python313\\Lib\\site-packages\\_pytest\\fixtures.py'>
          plugin_name: fixtures
          manager: <_pytest.config.PytestPluginManager object at 0x00000201040506E0>
      finish pytest_plugin_registered --> [] [hook]
      pytest_plugin_registered [hook]
          plugin: <module '_pytest.helpconfig' from 'C:\\Users\\dumpd\\AppData\\Local\\Programs\\Python\\Python313\\Lib\\site-packages\\_pytest\\helpconfig.py'>
          plugin_name: helpconfig
          manager: <_pytest.config.PytestPluginManager object at 0x00000201040506E0>
      finish pytest_plugin_registered --> [] [hook]
      pytest_plugin_registered [hook]
          plugin: <module '_pytest.python' from 'C:\\Users\\dumpd\\AppData\\Local\\Programs\\Python\\Python313\\Lib\\site-packages\\_pytest\\python.py'>
          plugin_name: python
          manager: <_pytest.config.PytestPluginManager object at 0x00000201040506E0>
      finish pytest_plugin_registered --> [] [hook]
      pytest_plugin_registered [hook]
          plugin: <module '_pytest.terminal' from 'C:\\Users\\dumpd\\AppData\\Local\\Programs\\Python\\Python313\\Lib\\site-packages\\_pytest\\terminal.py'>
          plugin_name: terminal
          manager: <_pytest.config.PytestPluginManager object at 0x00000201040506E0>
      finish pytest_plugin_registered --> [] [hook]
      pytest_plugin_registered [hook]
          plugin: <module '_pytest.debugging' from 'C:\\Users\\dumpd\\AppData\\Local\\Programs\\Python\\Python313\\Lib\\site-packages\\_pytest\\debugging.py'>
          plugin_name: debugging
          manager: <_pytest.config.PytestPluginManager object at 0x00000201040506E0>
      finish pytest_plugin_registered --> [] [hook]
      pytest_plugin_registered [hook]
          plugin: <module '_pytest.unittest' from 'C:\\Users\\dumpd\\AppData\\Local\\Programs\\Python\\Python313\\Lib\\site-packages\\_pytest\\unittest.py'>
          plugin_name: unittest
          manager: <_pytest.config.PytestPluginManager object at 0x00000201040506E0>
      finish pytest_plugin_registered --> [] [hook]
      pytest_plugin_registered [hook]
          plugin: <module '_pytest.capture' from 'C:\\Users\\dumpd\\AppData\\Local\\Programs\\Python\\Python313\\Lib\\site-packages\\_pytest\\capture.py'>
          plugin_name: capture
          manager: <_pytest.config.PytestPluginManager object at 0x00000201040506E0>
      finish pytest_plugin_registered --> [] [hook]
      pytest_plugin_registered [hook]
          plugin: <module '_pytest.skipping' from 'C:\\Users\\dumpd\\AppData\\Local\\Programs\\Python\\Python313\\Lib\\site-packages\\_pytest\\skipping.py'>
          plugin_name: skipping
          manager: <_pytest.config.PytestPluginManager object at 0x00000201040506E0>
      finish pytest_plugin_registered --> [] [hook]
      pytest_plugin_registered [hook]
          plugin: <module '_pytest.legacypath' from 'C:\\Users\\dumpd\\AppData\\Local\\Programs\\Python\\Python313\\Lib\\site-packages\\_pytest\\legacypath.py'>
          plugin_name: legacypath
          manager: <_pytest.config.PytestPluginManager object at 0x00000201040506E0>
      finish pytest_plugin_registered --> [] [hook]
      pytest_plugin_registered [hook]
          plugin: <module '_pytest.tmpdir' from 'C:\\Users\\dumpd\\AppData\\Local\\Programs\\Python\\Python313\\Lib\\site-packages\\_pytest\\tmpdir.py'>
          plugin_name: tmpdir
          manager: <_pytest.config.PytestPluginManager object at 0x00000201040506E0>
      finish pytest_plugin_registered --> [] [hook]
      pytest_plugin_registered [hook]
          plugin: <module '_pytest.monkeypatch' from 'C:\\Users\\dumpd\\AppData\\Local\\Programs\\Python\\Python313\\Lib\\site-packages\\_pytest\\monkeypatch.py'>
          plugin_name: monkeypatch
          manager: <_pytest.config.PytestPluginManager object at 0x00000201040506E0>
      finish pytest_plugin_registered --> [] [hook]
      pytest_plugin_registered [hook]
          plugin: <module '_pytest.recwarn' from 'C:\\Users\\dumpd\\AppData\\Local\\Programs\\Python\\Python313\\Lib\\site-packages\\_pytest\\recwarn.py'>
          plugin_name: recwarn
          manager: <_pytest.config.PytestPluginManager object at 0x00000201040506E0>
      finish pytest_plugin_registered --> [] [hook]
      pytest_plugin_registered [hook]
          plugin: <module '_pytest.pastebin' from 'C:\\Users\\dumpd\\AppData\\Local\\Programs\\Python\\Python313\\Lib\\site-packages\\_pytest\\pastebin.py'>
          plugin_name: pastebin
          manager: <_pytest.config.PytestPluginManager object at 0x00000201040506E0>
      finish pytest_plugin_registered --> [] [hook]
      pytest_plugin_registered [hook]
          plugin: <module '_pytest.assertion' from 'C:\\Users\\dumpd\\AppData\\Local\\Programs\\Python\\Python313\\Lib\\site-packages\\_pytest\\assertion\\__init__.py'>
          plugin_name: assertion
          manager: <_pytest.config.PytestPluginManager object at 0x00000201040506E0>
      finish pytest_plugin_registered --> [] [hook]
      pytest_plugin_registered [hook]
          plugin: <module '_pytest.junitxml' from 'C:\\Users\\dumpd\\AppData\\Local\\Programs\\Python\\Python313\\Lib\\site-packages\\_pytest\\junitxml.py'>
          plugin_name: junitxml
          manager: <_pytest.config.PytestPluginManager object at 0x00000201040506E0>
      finish pytest_plugin_registered --> [] [hook]
      pytest_plugin_registered [hook]
          plugin: <module '_pytest.doctest' from 'C:\\Users\\dumpd\\AppData\\Local\\Programs\\Python\\Python313\\Lib\\site-packages\\_pytest\\doctest.py'>
          plugin_name: doctest
          manager: <_pytest.config.PytestPluginManager object at 0x00000201040506E0>
      finish pytest_plugin_registered --> [] [hook]
      pytest_plugin_registered [hook]
          plugin: <module '_pytest.cacheprovider' from 'C:\\Users\\dumpd\\AppData\\Local\\Programs\\Python\\Python313\\Lib\\site-packages\\_pytest\\cacheprovider.py'>
          plugin_name: cacheprovider
          manager: <_pytest.config.PytestPluginManager object at 0x00000201040506E0>
      finish pytest_plugin_registered --> [] [hook]
      pytest_plugin_registered [hook]
          plugin: <module '_pytest.freeze_support' from 'C:\\Users\\dumpd\\AppData\\Local\\Programs\\Python\\Python313\\Lib\\site-packages\\_pytest\\freeze_support.py'>
          plugin_name: freeze_support
          manager: <_pytest.config.PytestPluginManager object at 0x00000201040506E0>
      finish pytest_plugin_registered --> [] [hook]
      pytest_plugin_registered [hook]
          plugin: <module '_pytest.setuponly' from 'C:\\Users\\dumpd\\AppData\\Local\\Programs\\Python\\Python313\\Lib\\site-packages\\_pytest\\setuponly.py'>
          plugin_name: setuponly
          manager: <_pytest.config.PytestPluginManager object at 0x00000201040506E0>
      finish pytest_plugin_registered --> [] [hook]
      pytest_plugin_registered [hook]
          plugin: <module '_pytest.setupplan' from 'C:\\Users\\dumpd\\AppData\\Local\\Programs\\Python\\Python313\\Lib\\site-packages\\_pytest\\setupplan.py'>
          plugin_name: setupplan
          manager: <_pytest.config.PytestPluginManager object at 0x00000201040506E0>
      finish pytest_plugin_registered --> [] [hook]
      pytest_plugin_registered [hook]
          plugin: <module '_pytest.stepwise' from 'C:\\Users\\dumpd\\AppData\\Local\\Programs\\Python\\Python313\\Lib\\site-packages\\_pytest\\stepwise.py'>
          plugin_name: stepwise
          manager: <_pytest.config.PytestPluginManager object at 0x00000201040506E0>
      finish pytest_plugin_registered --> [] [hook]
      pytest_plugin_registered [hook]
          plugin: <module '_pytest.unraisableexception' from 'C:\\Users\\dumpd\\AppData\\Local\\Programs\\Python\\Python313\\Lib\\site-packages\\_pytest\\unraisableexception.py'>
          plugin_name: unraisableexception
          manager: <_pytest.config.PytestPluginManager object at 0x00000201040506E0>
      finish pytest_plugin_registered --> [] [hook]
      pytest_plugin_registered [hook]
          plugin: <module '_pytest.threadexception' from 'C:\\Users\\dumpd\\AppData\\Local\\Programs\\Python\\Python313\\Lib\\site-packages\\_pytest\\threadexception.py'>
          plugin_name: threadexception
          manager: <_pytest.config.PytestPluginManager object at 0x00000201040506E0>
      finish pytest_plugin_registered --> [] [hook]
      pytest_plugin_registered [hook]
          plugin: <module '_pytest.warnings' from 'C:\\Users\\dumpd\\AppData\\Local\\Programs\\Python\\Python313\\Lib\\site-packages\\_pytest\\warnings.py'>
          plugin_name: warnings
          manager: <_pytest.config.PytestPluginManager object at 0x00000201040506E0>
      finish pytest_plugin_registered --> [] [hook]
      pytest_plugin_registered [hook]
          plugin: <module '_pytest.logging' from 'C:\\Users\\dumpd\\AppData\\Local\\Programs\\Python\\Python313\\Lib\\site-packages\\_pytest\\logging.py'>
          plugin_name: logging
          manager: <_pytest.config.PytestPluginManager object at 0x00000201040506E0>
      finish pytest_plugin_registered --> [] [hook]
      pytest_plugin_registered [hook]
          plugin: <module '_pytest.reports' from 'C:\\Users\\dumpd\\AppData\\Local\\Programs\\Python\\Python313\\Lib\\site-packages\\_pytest\\reports.py'>
          plugin_name: reports
          manager: <_pytest.config.PytestPluginManager object at 0x00000201040506E0>
      finish pytest_plugin_registered --> [] [hook]
      pytest_plugin_registered [hook]
          plugin: <module '_pytest.faulthandler' from 'C:\\Users\\dumpd\\AppData\\Local\\Programs\\Python\\Python313\\Lib\\site-packages\\_pytest\\faulthandler.py'>
          plugin_name: faulthandler
          manager: <_pytest.config.PytestPluginManager object at 0x00000201040506E0>
      finish pytest_plugin_registered --> [] [hook]
      pytest_plugin_registered [hook]
          plugin: <module 'allure_pytest.plugin' from 'C:\\Users\\dumpd\\AppData\\Local\\Programs\\Python\\Python313\\Lib\\site-packages\\allure_pytest\\plugin.py'>
          plugin_name: allure_pytest
          manager: <_pytest.config.PytestPluginManager object at 0x00000201040506E0>
      finish pytest_plugin_registered --> [] [hook]
      pytest_plugin_registered [hook]
          plugin: <module 'faker.contrib.pytest.plugin' from 'C:\\Users\\dumpd\\AppData\\Local\\Programs\\Python\\Python313\\Lib\\site-packages\\faker\\contrib\\pytest\\plugin.py'>
          plugin_name: faker
          manager: <_pytest.config.PytestPluginManager object at 0x00000201040506E0>
      finish pytest_plugin_registered --> [] [hook]
      pytest_plugin_registered [hook]
          plugin: <module 'pytest_base_url.plugin' from 'C:\\Users\\dumpd\\AppData\\Local\\Programs\\Python\\Python313\\Lib\\site-packages\\pytest_base_url\\plugin.py'>
          plugin_name: base_url
          manager: <_pytest.config.PytestPluginManager object at 0x00000201040506E0>
      finish pytest_plugin_registered --> [] [hook]
      pytest_plugin_registered [hook]
          plugin: <module 'pytest_playwright.pytest_playwright' from 'C:\\Users\\dumpd\\AppData\\Local\\Programs\\Python\\Python313\\Lib\\site-packages\\pytest_playwright\\pytest_playwright.py'>
          plugin_name: playwright
          manager: <_pytest.config.PytestPluginManager object at 0x00000201040506E0>
      finish pytest_plugin_registered --> [] [hook]
      pytest_plugin_registered [hook]
          plugin: <CaptureManager _method='no' _global_capturing=<MultiCapture out=None err=None in_=None _state='suspended' _in_suspended=False> _capture_fixture=None>
          plugin_name: capturemanager
          manager: <_pytest.config.PytestPluginManager object at 0x00000201040506E0>
      finish pytest_plugin_registered --> [] [hook]
      pytest_plugin_registered [hook]
          plugin: <module 'conftest' from 'C:\\Users\\dumpd\\Projects\\Python_UI_Projects\\jenkins-UI\\conftest.py'>
          plugin_name: C:\Users\dumpd\Projects\Python_UI_Projects\jenkins-UI\conftest.py
          manager: <_pytest.config.PytestPluginManager object at 0x00000201040506E0>
      finish pytest_plugin_registered --> [] [hook]
      pytest_plugin_registered [hook]
          plugin: <Session  exitstatus=<ExitCode.OK: 0> testsfailed=0 testscollected=0>
          plugin_name: session
          manager: <_pytest.config.PytestPluginManager object at 0x00000201040506E0>
      finish pytest_plugin_registered --> [] [hook]
      pytest_plugin_registered [hook]
          plugin: <_pytest.cacheprovider.LFPlugin object at 0x00000201068ED2B0>
          plugin_name: lfplugin
          manager: <_pytest.config.PytestPluginManager object at 0x00000201040506E0>
      finish pytest_plugin_registered --> [] [hook]
      pytest_plugin_registered [hook]
          plugin: <_pytest.cacheprovider.NFPlugin object at 0x0000020106FBD550>
          plugin_name: nfplugin
          manager: <_pytest.config.PytestPluginManager object at 0x00000201040506E0>
      finish pytest_plugin_registered --> [] [hook]
      pytest_plugin_registered [hook]
          plugin: <class '_pytest.legacypath.LegacyTmpdirPlugin'>
          plugin_name: legacypath-tmpdir
          manager: <_pytest.config.PytestPluginManager object at 0x00000201040506E0>
      finish pytest_plugin_registered --> [] [hook]
      pytest_plugin_registered [hook]
          plugin: <_pytest.terminal.TerminalReporter object at 0x0000020107193B60>
          plugin_name: terminalreporter
          manager: <_pytest.config.PytestPluginManager object at 0x00000201040506E0>
      finish pytest_plugin_registered --> [] [hook]
      pytest_plugin_registered [hook]
          plugin: <_pytest.logging.LoggingPlugin object at 0x00000201072D8440>
          plugin_name: logging-plugin
          manager: <_pytest.config.PytestPluginManager object at 0x00000201040506E0>
      finish pytest_plugin_registered --> [] [hook]
    finish pytest_configure --> [] [hook]
    pytest_sessionstart [hook]
        session: <Session  exitstatus=<ExitCode.OK: 0> testsfailed=0 testscollected=0>
      pytest_plugin_registered [hook]
          plugin: <_pytest.config.PytestPluginManager object at 0x00000201040506E0>
          plugin_name: 2203385661152
          manager: <_pytest.config.PytestPluginManager object at 0x00000201040506E0>
      finish pytest_plugin_registered --> [] [hook]
      pytest_plugin_registered [hook]
          plugin: <_pytest.config.Config object at 0x0000020104052F90>
          plugin_name: pytestconfig
          manager: <_pytest.config.PytestPluginManager object at 0x00000201040506E0>
      finish pytest_plugin_registered --> [] [hook]
      pytest_plugin_registered [hook]
          plugin: <module '_pytest.mark' from 'C:\\Users\\dumpd\\AppData\\Local\\Programs\\Python\\Python313\\Lib\\site-packages\\_pytest\\mark\\__init__.py'>
          plugin_name: mark
          manager: <_pytest.config.PytestPluginManager object at 0x00000201040506E0>
      finish pytest_plugin_registered --> [] [hook]
      pytest_plugin_registered [hook]
          plugin: <module '_pytest.main' from 'C:\\Users\\dumpd\\AppData\\Local\\Programs\\Python\\Python313\\Lib\\site-packages\\_pytest\\main.py'>
          plugin_name: main
          manager: <_pytest.config.PytestPluginManager object at 0x00000201040506E0>
      finish pytest_plugin_registered --> [] [hook]
      pytest_plugin_registered [hook]
          plugin: <module '_pytest.runner' from 'C:\\Users\\dumpd\\AppData\\Local\\Programs\\Python\\Python313\\Lib\\site-packages\\_pytest\\runner.py'>
          plugin_name: runner
          manager: <_pytest.config.PytestPluginManager object at 0x00000201040506E0>
      finish pytest_plugin_registered --> [] [hook]
      pytest_plugin_registered [hook]
          plugin: <module '_pytest.fixtures' from 'C:\\Users\\dumpd\\AppData\\Local\\Programs\\Python\\Python313\\Lib\\site-packages\\_pytest\\fixtures.py'>
          plugin_name: fixtures
          manager: <_pytest.config.PytestPluginManager object at 0x00000201040506E0>
      finish pytest_plugin_registered --> [] [hook]
      pytest_plugin_registered [hook]
          plugin: <module '_pytest.helpconfig' from 'C:\\Users\\dumpd\\AppData\\Local\\Programs\\Python\\Python313\\Lib\\site-packages\\_pytest\\helpconfig.py'>
          plugin_name: helpconfig
          manager: <_pytest.config.PytestPluginManager object at 0x00000201040506E0>
      finish pytest_plugin_registered --> [] [hook]
      pytest_plugin_registered [hook]
          plugin: <module '_pytest.python' from 'C:\\Users\\dumpd\\AppData\\Local\\Programs\\Python\\Python313\\Lib\\site-packages\\_pytest\\python.py'>
          plugin_name: python
          manager: <_pytest.config.PytestPluginManager object at 0x00000201040506E0>
      finish pytest_plugin_registered --> [] [hook]
      pytest_plugin_registered [hook]
          plugin: <module '_pytest.terminal' from 'C:\\Users\\dumpd\\AppData\\Local\\Programs\\Python\\Python313\\Lib\\site-packages\\_pytest\\terminal.py'>
          plugin_name: terminal
          manager: <_pytest.config.PytestPluginManager object at 0x00000201040506E0>
      finish pytest_plugin_registered --> [] [hook]
      pytest_plugin_registered [hook]
          plugin: <module '_pytest.debugging' from 'C:\\Users\\dumpd\\AppData\\Local\\Programs\\Python\\Python313\\Lib\\site-packages\\_pytest\\debugging.py'>
          plugin_name: debugging
          manager: <_pytest.config.PytestPluginManager object at 0x00000201040506E0>
      finish pytest_plugin_registered --> [] [hook]
      pytest_plugin_registered [hook]
          plugin: <module '_pytest.unittest' from 'C:\\Users\\dumpd\\AppData\\Local\\Programs\\Python\\Python313\\Lib\\site-packages\\_pytest\\unittest.py'>
          plugin_name: unittest
          manager: <_pytest.config.PytestPluginManager object at 0x00000201040506E0>
      finish pytest_plugin_registered --> [] [hook]
      pytest_plugin_registered [hook]
          plugin: <module '_pytest.capture' from 'C:\\Users\\dumpd\\AppData\\Local\\Programs\\Python\\Python313\\Lib\\site-packages\\_pytest\\capture.py'>
          plugin_name: capture
          manager: <_pytest.config.PytestPluginManager object at 0x00000201040506E0>
      finish pytest_plugin_registered --> [] [hook]
      pytest_plugin_registered [hook]
          plugin: <module '_pytest.skipping' from 'C:\\Users\\dumpd\\AppData\\Local\\Programs\\Python\\Python313\\Lib\\site-packages\\_pytest\\skipping.py'>
          plugin_name: skipping
          manager: <_pytest.config.PytestPluginManager object at 0x00000201040506E0>
      finish pytest_plugin_registered --> [] [hook]
      pytest_plugin_registered [hook]
          plugin: <module '_pytest.legacypath' from 'C:\\Users\\dumpd\\AppData\\Local\\Programs\\Python\\Python313\\Lib\\site-packages\\_pytest\\legacypath.py'>
          plugin_name: legacypath
          manager: <_pytest.config.PytestPluginManager object at 0x00000201040506E0>
      finish pytest_plugin_registered --> [] [hook]
      pytest_plugin_registered [hook]
          plugin: <module '_pytest.tmpdir' from 'C:\\Users\\dumpd\\AppData\\Local\\Programs\\Python\\Python313\\Lib\\site-packages\\_pytest\\tmpdir.py'>
          plugin_name: tmpdir
          manager: <_pytest.config.PytestPluginManager object at 0x00000201040506E0>
      finish pytest_plugin_registered --> [] [hook]
      pytest_plugin_registered [hook]
          plugin: <module '_pytest.monkeypatch' from 'C:\\Users\\dumpd\\AppData\\Local\\Programs\\Python\\Python313\\Lib\\site-packages\\_pytest\\monkeypatch.py'>
          plugin_name: monkeypatch
          manager: <_pytest.config.PytestPluginManager object at 0x00000201040506E0>
      finish pytest_plugin_registered --> [] [hook]
      pytest_plugin_registered [hook]
          plugin: <module '_pytest.recwarn' from 'C:\\Users\\dumpd\\AppData\\Local\\Programs\\Python\\Python313\\Lib\\site-packages\\_pytest\\recwarn.py'>
          plugin_name: recwarn
          manager: <_pytest.config.PytestPluginManager object at 0x00000201040506E0>
      finish pytest_plugin_registered --> [] [hook]
      pytest_plugin_registered [hook]
          plugin: <module '_pytest.pastebin' from 'C:\\Users\\dumpd\\AppData\\Local\\Programs\\Python\\Python313\\Lib\\site-packages\\_pytest\\pastebin.py'>
          plugin_name: pastebin
          manager: <_pytest.config.PytestPluginManager object at 0x00000201040506E0>
      finish pytest_plugin_registered --> [] [hook]
      pytest_plugin_registered [hook]
          plugin: <module '_pytest.assertion' from 'C:\\Users\\dumpd\\AppData\\Local\\Programs\\Python\\Python313\\Lib\\site-packages\\_pytest\\assertion\\__init__.py'>
          plugin_name: assertion
          manager: <_pytest.config.PytestPluginManager object at 0x00000201040506E0>
      finish pytest_plugin_registered --> [] [hook]
      pytest_plugin_registered [hook]
          plugin: <module '_pytest.junitxml' from 'C:\\Users\\dumpd\\AppData\\Local\\Programs\\Python\\Python313\\Lib\\site-packages\\_pytest\\junitxml.py'>
          plugin_name: junitxml
          manager: <_pytest.config.PytestPluginManager object at 0x00000201040506E0>
      finish pytest_plugin_registered --> [] [hook]
      pytest_plugin_registered [hook]
          plugin: <module '_pytest.doctest' from 'C:\\Users\\dumpd\\AppData\\Local\\Programs\\Python\\Python313\\Lib\\site-packages\\_pytest\\doctest.py'>
          plugin_name: doctest
          manager: <_pytest.config.PytestPluginManager object at 0x00000201040506E0>
      finish pytest_plugin_registered --> [] [hook]
      pytest_plugin_registered [hook]
          plugin: <module '_pytest.cacheprovider' from 'C:\\Users\\dumpd\\AppData\\Local\\Programs\\Python\\Python313\\Lib\\site-packages\\_pytest\\cacheprovider.py'>
          plugin_name: cacheprovider
          manager: <_pytest.config.PytestPluginManager object at 0x00000201040506E0>
      finish pytest_plugin_registered --> [] [hook]
      pytest_plugin_registered [hook]
          plugin: <module '_pytest.freeze_support' from 'C:\\Users\\dumpd\\AppData\\Local\\Programs\\Python\\Python313\\Lib\\site-packages\\_pytest\\freeze_support.py'>
          plugin_name: freeze_support
          manager: <_pytest.config.PytestPluginManager object at 0x00000201040506E0>
      finish pytest_plugin_registered --> [] [hook]
      pytest_plugin_registered [hook]
          plugin: <module '_pytest.setuponly' from 'C:\\Users\\dumpd\\AppData\\Local\\Programs\\Python\\Python313\\Lib\\site-packages\\_pytest\\setuponly.py'>
          plugin_name: setuponly
          manager: <_pytest.config.PytestPluginManager object at 0x00000201040506E0>
      finish pytest_plugin_registered --> [] [hook]
      pytest_plugin_registered [hook]
          plugin: <module '_pytest.setupplan' from 'C:\\Users\\dumpd\\AppData\\Local\\Programs\\Python\\Python313\\Lib\\site-packages\\_pytest\\setupplan.py'>
          plugin_name: setupplan
          manager: <_pytest.config.PytestPluginManager object at 0x00000201040506E0>
      finish pytest_plugin_registered --> [] [hook]
      pytest_plugin_registered [hook]
          plugin: <module '_pytest.stepwise' from 'C:\\Users\\dumpd\\AppData\\Local\\Programs\\Python\\Python313\\Lib\\site-packages\\_pytest\\stepwise.py'>
          plugin_name: stepwise
          manager: <_pytest.config.PytestPluginManager object at 0x00000201040506E0>
      finish pytest_plugin_registered --> [] [hook]
      pytest_plugin_registered [hook]
          plugin: <module '_pytest.unraisableexception' from 'C:\\Users\\dumpd\\AppData\\Local\\Programs\\Python\\Python313\\Lib\\site-packages\\_pytest\\unraisableexception.py'>
          plugin_name: unraisableexception
          manager: <_pytest.config.PytestPluginManager object at 0x00000201040506E0>
      finish pytest_plugin_registered --> [] [hook]
      pytest_plugin_registered [hook]
          plugin: <module '_pytest.threadexception' from 'C:\\Users\\dumpd\\AppData\\Local\\Programs\\Python\\Python313\\Lib\\site-packages\\_pytest\\threadexception.py'>
          plugin_name: threadexception
          manager: <_pytest.config.PytestPluginManager object at 0x00000201040506E0>
      finish pytest_plugin_registered --> [] [hook]
      pytest_plugin_registered [hook]
          plugin: <module '_pytest.warnings' from 'C:\\Users\\dumpd\\AppData\\Local\\Programs\\Python\\Python313\\Lib\\site-packages\\_pytest\\warnings.py'>
          plugin_name: warnings
          manager: <_pytest.config.PytestPluginManager object at 0x00000201040506E0>
      finish pytest_plugin_registered --> [] [hook]
      pytest_plugin_registered [hook]
          plugin: <module '_pytest.logging' from 'C:\\Users\\dumpd\\AppData\\Local\\Programs\\Python\\Python313\\Lib\\site-packages\\_pytest\\logging.py'>
          plugin_name: logging
          manager: <_pytest.config.PytestPluginManager object at 0x00000201040506E0>
      finish pytest_plugin_registered --> [] [hook]
      pytest_plugin_registered [hook]
          plugin: <module '_pytest.reports' from 'C:\\Users\\dumpd\\AppData\\Local\\Programs\\Python\\Python313\\Lib\\site-packages\\_pytest\\reports.py'>
          plugin_name: reports
          manager: <_pytest.config.PytestPluginManager object at 0x00000201040506E0>
      finish pytest_plugin_registered --> [] [hook]
      pytest_plugin_registered [hook]
          plugin: <module '_pytest.faulthandler' from 'C:\\Users\\dumpd\\AppData\\Local\\Programs\\Python\\Python313\\Lib\\site-packages\\_pytest\\faulthandler.py'>
          plugin_name: faulthandler
          manager: <_pytest.config.PytestPluginManager object at 0x00000201040506E0>
      finish pytest_plugin_registered --> [] [hook]
      pytest_plugin_registered [hook]
          plugin: <module 'allure_pytest.plugin' from 'C:\\Users\\dumpd\\AppData\\Local\\Programs\\Python\\Python313\\Lib\\site-packages\\allure_pytest\\plugin.py'>
          plugin_name: allure_pytest
          manager: <_pytest.config.PytestPluginManager object at 0x00000201040506E0>
      finish pytest_plugin_registered --> [] [hook]
      pytest_plugin_registered [hook]
          plugin: <module 'faker.contrib.pytest.plugin' from 'C:\\Users\\dumpd\\AppData\\Local\\Programs\\Python\\Python313\\Lib\\site-packages\\faker\\contrib\\pytest\\plugin.py'>
          plugin_name: faker
          manager: <_pytest.config.PytestPluginManager object at 0x00000201040506E0>
      finish pytest_plugin_registered --> [] [hook]
      pytest_plugin_registered [hook]
          plugin: <module 'pytest_base_url.plugin' from 'C:\\Users\\dumpd\\AppData\\Local\\Programs\\Python\\Python313\\Lib\\site-packages\\pytest_base_url\\plugin.py'>
          plugin_name: base_url
          manager: <_pytest.config.PytestPluginManager object at 0x00000201040506E0>
      finish pytest_plugin_registered --> [] [hook]
      pytest_plugin_registered [hook]
          plugin: <module 'pytest_playwright.pytest_playwright' from 'C:\\Users\\dumpd\\AppData\\Local\\Programs\\Python\\Python313\\Lib\\site-packages\\pytest_playwright\\pytest_playwright.py'>
          plugin_name: playwright
          manager: <_pytest.config.PytestPluginManager object at 0x00000201040506E0>
      finish pytest_plugin_registered --> [] [hook]
      pytest_plugin_registered [hook]
          plugin: <CaptureManager _method='no' _global_capturing=<MultiCapture out=None err=None in_=None _state='suspended' _in_suspended=False> _capture_fixture=None>
          plugin_name: capturemanager
          manager: <_pytest.config.PytestPluginManager object at 0x00000201040506E0>
      finish pytest_plugin_registered --> [] [hook]
      pytest_plugin_registered [hook]
          plugin: <module 'conftest' from 'C:\\Users\\dumpd\\Projects\\Python_UI_Projects\\jenkins-UI\\conftest.py'>
          plugin_name: C:\Users\dumpd\Projects\Python_UI_Projects\jenkins-UI\conftest.py
          manager: <_pytest.config.PytestPluginManager object at 0x00000201040506E0>
      finish pytest_plugin_registered --> [] [hook]
      pytest_plugin_registered [hook]
          plugin: <Session  exitstatus=<ExitCode.OK: 0> testsfailed=0 testscollected=0>
          plugin_name: session
          manager: <_pytest.config.PytestPluginManager object at 0x00000201040506E0>
      finish pytest_plugin_registered --> [] [hook]
      pytest_plugin_registered [hook]
          plugin: <_pytest.cacheprovider.LFPlugin object at 0x00000201068ED2B0>
          plugin_name: lfplugin
          manager: <_pytest.config.PytestPluginManager object at 0x00000201040506E0>
      finish pytest_plugin_registered --> [] [hook]
      pytest_plugin_registered [hook]
          plugin: <_pytest.cacheprovider.NFPlugin object at 0x0000020106FBD550>
          plugin_name: nfplugin
          manager: <_pytest.config.PytestPluginManager object at 0x00000201040506E0>
      finish pytest_plugin_registered --> [] [hook]
      pytest_plugin_registered [hook]
          plugin: <class '_pytest.legacypath.LegacyTmpdirPlugin'>
          plugin_name: legacypath-tmpdir
          manager: <_pytest.config.PytestPluginManager object at 0x00000201040506E0>
      finish pytest_plugin_registered --> [] [hook]
      pytest_plugin_registered [hook]
          plugin: <_pytest.terminal.TerminalReporter object at 0x0000020107193B60>
          plugin_name: terminalreporter
          manager: <_pytest.config.PytestPluginManager object at 0x00000201040506E0>
      finish pytest_plugin_registered --> [] [hook]
      pytest_plugin_registered [hook]
          plugin: <_pytest.logging.LoggingPlugin object at 0x00000201072D8440>
          plugin_name: logging-plugin
          manager: <_pytest.config.PytestPluginManager object at 0x00000201040506E0>
      finish pytest_plugin_registered --> [] [hook]
      pytest_plugin_registered [hook]
          plugin: <_pytest.fixtures.FixtureManager object at 0x00000201072D8D70>
          plugin_name: funcmanage
          manager: <_pytest.config.PytestPluginManager object at 0x00000201040506E0>
      finish pytest_plugin_registered --> [] [hook]
      pytest_report_header [hook]
          config: <_pytest.config.Config object at 0x0000020104052F90>
          start_path: C:\Users\dumpd\Projects\Python_UI_Projects\jenkins-UI
          startdir: C:\Users\dumpd\Projects\Python_UI_Projects\jenkins-UI
      early skip of rewriting module: importlib.metadata._adapters [assertion]
      early skip of rewriting module: importlib.metadata._text [assertion]
      finish pytest_report_header --> [['rootdir: C:\\Users\\dumpd\\Projects\\Python_UI_Projects\\jenkins-UI', 'configfile: pytest.ini', 'plugins: allure-pytest-2.15.0, Faker-37.12.0, base-url-2.1.0, playwright-0.7.2'], 'cachedir: C:\\tmp\\pytest_cache', ['using: pytest-8.4.1', 'registered third-party plugins:', '  allure-pytest-2.15.0 at C:\\Users\\dumpd\\AppData\\Local\\Programs\\Python\\Python313\\Lib\\site-packages\\allure_pytest\\plugin.py', '  Faker-37.12.0 at C:\\Users\\dumpd\\AppData\\Local\\Programs\\Python\\Python313\\Lib\\site-packages\\faker\\contrib\\pytest\\plugin.py', '  pytest-base-url-2.1.0 at C:\\Users\\dumpd\\AppData\\Local\\Programs\\Python\\Python313\\Lib\\site-packages\\pytest_base_url\\plugin.py', '  pytest-playwright-0.7.2 at C:\\Users\\dumpd\\AppData\\Local\\Programs\\Python\\Python313\\Lib\\site-packages\\pytest_playwright\\pytest_playwright.py']] [hook]
    finish pytest_sessionstart --> [] [hook]
    pytest_collection [hook]
        session: <Session  exitstatus=<ExitCode.OK: 0> testsfailed=0 testscollected=0>
    perform_collect <Session  exitstatus=<ExitCode.OK: 0> testsfailed=0 testscollected=0> ['./tests/login_test.py'] [collection]
        pytest_collectstart [hook]
            collector: <Session  exitstatus=<ExitCode.OK: 0> testsfailed=0 testscollected=0>
        finish pytest_collectstart --> [] [hook]
        pytest_make_collect_report [hook]
            collector: <Session  exitstatus=<ExitCode.OK: 0> testsfailed=0 testscollected=0>
        processing argument CollectionArgument(path=WindowsPath('C:/Users/dumpd/Projects/Python_UI_Projects/jenkins-UI/tests/login_test.py'), parts=[], module_name=None) [collection]
            pytest_collect_directory [hook]
                path: C:\Users\dumpd\Projects\Python_UI_Projects\jenkins-UI
                parent: <Session  exitstatus=<ExitCode.OK: 0> testsfailed=0 testscollected=0>
            finish pytest_collect_directory --> <Dir jenkins-UI> [hook]
            pytest_collectstart [hook]
                collector: <Dir jenkins-UI>
            finish pytest_collectstart --> [] [hook]
            pytest_make_collect_report [hook]
                collector: <Dir jenkins-UI>
              pytest_ignore_collect [hook]
                  config: <_pytest.config.Config object at 0x0000020104052F90>
                  collection_path: C:\Users\dumpd\Projects\Python_UI_Projects\jenkins-UI\.env
                  path: C:\Users\dumpd\Projects\Python_UI_Projects\jenkins-UI\.env
              finish pytest_ignore_collect --> None [hook]
              pytest_collect_file [hook]
                  parent: <Dir jenkins-UI>
                  file_path: C:\Users\dumpd\Projects\Python_UI_Projects\jenkins-UI\.env
                  path: C:\Users\dumpd\Projects\Python_UI_Projects\jenkins-UI\.env
              finish pytest_collect_file --> [] [hook]
              pytest_ignore_collect [hook]
                  config: <_pytest.config.Config object at 0x0000020104052F90>
                  collection_path: C:\Users\dumpd\Projects\Python_UI_Projects\jenkins-UI\.envExample
                  path: C:\Users\dumpd\Projects\Python_UI_Projects\jenkins-UI\.envExample
              finish pytest_ignore_collect --> None [hook]
              pytest_collect_file [hook]
                  parent: <Dir jenkins-UI>
                  file_path: C:\Users\dumpd\Projects\Python_UI_Projects\jenkins-UI\.envExample
                  path: C:\Users\dumpd\Projects\Python_UI_Projects\jenkins-UI\.envExample
              finish pytest_collect_file --> [] [hook]
              pytest_ignore_collect [hook]
                  config: <_pytest.config.Config object at 0x0000020104052F90>
                  collection_path: C:\Users\dumpd\Projects\Python_UI_Projects\jenkins-UI\.git
                  path: C:\Users\dumpd\Projects\Python_UI_Projects\jenkins-UI\.git
              finish pytest_ignore_collect --> True [hook]
              pytest_ignore_collect [hook]
                  config: <_pytest.config.Config object at 0x0000020104052F90>
                  collection_path: C:\Users\dumpd\Projects\Python_UI_Projects\jenkins-UI\.gitignore
                  path: C:\Users\dumpd\Projects\Python_UI_Projects\jenkins-UI\.gitignore
              finish pytest_ignore_collect --> None [hook]
              pytest_collect_file [hook]
                  parent: <Dir jenkins-UI>
                  file_path: C:\Users\dumpd\Projects\Python_UI_Projects\jenkins-UI\.gitignore
                  path: C:\Users\dumpd\Projects\Python_UI_Projects\jenkins-UI\.gitignore
              finish pytest_collect_file --> [] [hook]
              pytest_ignore_collect [hook]
                  config: <_pytest.config.Config object at 0x0000020104052F90>
                  collection_path: C:\Users\dumpd\Projects\Python_UI_Projects\jenkins-UI\.vscode
                  path: C:\Users\dumpd\Projects\Python_UI_Projects\jenkins-UI\.vscode
              finish pytest_ignore_collect --> True [hook]
              pytest_ignore_collect [hook]
                  config: <_pytest.config.Config object at 0x0000020104052F90>
                  collection_path: C:\Users\dumpd\Projects\Python_UI_Projects\jenkins-UI\conftest.py
                  path: C:\Users\dumpd\Projects\Python_UI_Projects\jenkins-UI\conftest.py
              finish pytest_ignore_collect --> None [hook]
              pytest_collect_file [hook]
                  parent: <Dir jenkins-UI>
                  file_path: C:\Users\dumpd\Projects\Python_UI_Projects\jenkins-UI\conftest.py
                  path: C:\Users\dumpd\Projects\Python_UI_Projects\jenkins-UI\conftest.py
              finish pytest_collect_file --> [] [hook]
              pytest_ignore_collect [hook]
                  config: <_pytest.config.Config object at 0x0000020104052F90>
                  collection_path: C:\Users\dumpd\Projects\Python_UI_Projects\jenkins-UI\data
                  path: C:\Users\dumpd\Projects\Python_UI_Projects\jenkins-UI\data
              finish pytest_ignore_collect --> None [hook]
              pytest_collect_directory [hook]
                  path: C:\Users\dumpd\Projects\Python_UI_Projects\jenkins-UI\data
                  parent: <Dir jenkins-UI>
              finish pytest_collect_directory --> <Dir data> [hook]
              pytest_ignore_collect [hook]
                  config: <_pytest.config.Config object at 0x0000020104052F90>
                  collection_path: C:\Users\dumpd\Projects\Python_UI_Projects\jenkins-UI\pages
                  path: C:\Users\dumpd\Projects\Python_UI_Projects\jenkins-UI\pages
              finish pytest_ignore_collect --> None [hook]
              pytest_collect_directory [hook]
                  path: C:\Users\dumpd\Projects\Python_UI_Projects\jenkins-UI\pages
                  parent: <Dir jenkins-UI>
              finish pytest_collect_directory --> <Dir pages> [hook]
              pytest_ignore_collect [hook]
                  config: <_pytest.config.Config object at 0x0000020104052F90>
                  collection_path: C:\Users\dumpd\Projects\Python_UI_Projects\jenkins-UI\pytest.ini
                  path: C:\Users\dumpd\Projects\Python_UI_Projects\jenkins-UI\pytest.ini
              finish pytest_ignore_collect --> None [hook]
              pytest_collect_file [hook]
                  parent: <Dir jenkins-UI>
                  file_path: C:\Users\dumpd\Projects\Python_UI_Projects\jenkins-UI\pytest.ini
                  path: C:\Users\dumpd\Projects\Python_UI_Projects\jenkins-UI\pytest.ini
              finish pytest_collect_file --> [] [hook]
              pytest_ignore_collect [hook]
                  config: <_pytest.config.Config object at 0x0000020104052F90>
                  collection_path: C:\Users\dumpd\Projects\Python_UI_Projects\jenkins-UI\pytestdebug.log
                  path: C:\Users\dumpd\Projects\Python_UI_Projects\jenkins-UI\pytestdebug.log
              finish pytest_ignore_collect --> None [hook]
              pytest_collect_file [hook]
                  parent: <Dir jenkins-UI>
                  file_path: C:\Users\dumpd\Projects\Python_UI_Projects\jenkins-UI\pytestdebug.log
                  path: C:\Users\dumpd\Projects\Python_UI_Projects\jenkins-UI\pytestdebug.log
              finish pytest_collect_file --> [] [hook]
              pytest_ignore_collect [hook]
                  config: <_pytest.config.Config object at 0x0000020104052F90>
                  collection_path: C:\Users\dumpd\Projects\Python_UI_Projects\jenkins-UI\requirements.txt
                  path: C:\Users\dumpd\Projects\Python_UI_Projects\jenkins-UI\requirements.txt
              finish pytest_ignore_collect --> None [hook]
              pytest_collect_file [hook]
                  parent: <Dir jenkins-UI>
                  file_path: C:\Users\dumpd\Projects\Python_UI_Projects\jenkins-UI\requirements.txt
                  path: C:\Users\dumpd\Projects\Python_UI_Projects\jenkins-UI\requirements.txt
              finish pytest_collect_file --> [] [hook]
              pytest_collect_directory [hook]
                  path: C:\Users\dumpd\Projects\Python_UI_Projects\jenkins-UI\tests
                  parent: <Dir jenkins-UI>
              finish pytest_collect_directory --> <Dir tests> [hook]
              pytest_ignore_collect [hook]
                  config: <_pytest.config.Config object at 0x0000020104052F90>
                  collection_path: C:\Users\dumpd\Projects\Python_UI_Projects\jenkins-UI\venv
                  path: C:\Users\dumpd\Projects\Python_UI_Projects\jenkins-UI\venv
              finish pytest_ignore_collect --> True [hook]
            finish pytest_make_collect_report --> <CollectReport '.' lenresult=3 outcome='passed'> [hook]
            pytest_collectstart [hook]
                collector: <Dir tests>
            finish pytest_collectstart --> [] [hook]
            pytest_make_collect_report [hook]
                collector: <Dir tests>
              pytest_ignore_collect [hook]
                  config: <_pytest.config.Config object at 0x0000020104052F90>
                  collection_path: C:\Users\dumpd\Projects\Python_UI_Projects\jenkins-UI\tests\change_system_message_test.py
                  path: C:\Users\dumpd\Projects\Python_UI_Projects\jenkins-UI\tests\change_system_message_test.py
              finish pytest_ignore_collect --> None [hook]
              pytest_collect_file [hook]
                  parent: <Dir tests>
                  file_path: C:\Users\dumpd\Projects\Python_UI_Projects\jenkins-UI\tests\change_system_message_test.py
                  path: C:\Users\dumpd\Projects\Python_UI_Projects\jenkins-UI\tests\change_system_message_test.py
                pytest_pycollect_makemodule [hook]
                    parent: <Dir tests>
                    module_path: C:\Users\dumpd\Projects\Python_UI_Projects\jenkins-UI\tests\change_system_message_test.py
                    path: C:\Users\dumpd\Projects\Python_UI_Projects\jenkins-UI\tests\change_system_message_test.py
                finish pytest_pycollect_makemodule --> <Module change_system_message_test.py> [hook]
              finish pytest_collect_file --> [<Module change_system_message_test.py>] [hook]
              pytest_ignore_collect [hook]
                  config: <_pytest.config.Config object at 0x0000020104052F90>
                  collection_path: C:\Users\dumpd\Projects\Python_UI_Projects\jenkins-UI\tests\create_new_item_test.py
                  path: C:\Users\dumpd\Projects\Python_UI_Projects\jenkins-UI\tests\create_new_item_test.py
              finish pytest_ignore_collect --> None [hook]
              pytest_collect_file [hook]
                  parent: <Dir tests>
                  file_path: C:\Users\dumpd\Projects\Python_UI_Projects\jenkins-UI\tests\create_new_item_test.py
                  path: C:\Users\dumpd\Projects\Python_UI_Projects\jenkins-UI\tests\create_new_item_test.py
                pytest_pycollect_makemodule [hook]
                    parent: <Dir tests>
                    module_path: C:\Users\dumpd\Projects\Python_UI_Projects\jenkins-UI\tests\create_new_item_test.py
                    path: C:\Users\dumpd\Projects\Python_UI_Projects\jenkins-UI\tests\create_new_item_test.py
                finish pytest_pycollect_makemodule --> <Module create_new_item_test.py> [hook]
              finish pytest_collect_file --> [<Module create_new_item_test.py>] [hook]
              pytest_ignore_collect [hook]
                  config: <_pytest.config.Config object at 0x0000020104052F90>
                  collection_path: C:\Users\dumpd\Projects\Python_UI_Projects\jenkins-UI\tests\create_user_test.py
                  path: C:\Users\dumpd\Projects\Python_UI_Projects\jenkins-UI\tests\create_user_test.py
              finish pytest_ignore_collect --> None [hook]
              pytest_collect_file [hook]
                  parent: <Dir tests>
                  file_path: C:\Users\dumpd\Projects\Python_UI_Projects\jenkins-UI\tests\create_user_test.py
                  path: C:\Users\dumpd\Projects\Python_UI_Projects\jenkins-UI\tests\create_user_test.py
                pytest_pycollect_makemodule [hook]
                    parent: <Dir tests>
                    module_path: C:\Users\dumpd\Projects\Python_UI_Projects\jenkins-UI\tests\create_user_test.py
                    path: C:\Users\dumpd\Projects\Python_UI_Projects\jenkins-UI\tests\create_user_test.py
                finish pytest_pycollect_makemodule --> <Module create_user_test.py> [hook]
              finish pytest_collect_file --> [<Module create_user_test.py>] [hook]
              pytest_ignore_collect [hook]
                  config: <_pytest.config.Config object at 0x0000020104052F90>
                  collection_path: C:\Users\dumpd\Projects\Python_UI_Projects\jenkins-UI\tests\folder_management_test.py
                  path: C:\Users\dumpd\Projects\Python_UI_Projects\jenkins-UI\tests\folder_management_test.py
              finish pytest_ignore_collect --> None [hook]
              pytest_collect_file [hook]
                  parent: <Dir tests>
                  file_path: C:\Users\dumpd\Projects\Python_UI_Projects\jenkins-UI\tests\folder_management_test.py
                  path: C:\Users\dumpd\Projects\Python_UI_Projects\jenkins-UI\tests\folder_management_test.py
                pytest_pycollect_makemodule [hook]
                    parent: <Dir tests>
                    module_path: C:\Users\dumpd\Projects\Python_UI_Projects\jenkins-UI\tests\folder_management_test.py
                    path: C:\Users\dumpd\Projects\Python_UI_Projects\jenkins-UI\tests\folder_management_test.py
                finish pytest_pycollect_makemodule --> <Module folder_management_test.py> [hook]
              finish pytest_collect_file --> [<Module folder_management_test.py>] [hook]
              pytest_collect_file [hook]
                  parent: <Dir tests>
                  file_path: C:\Users\dumpd\Projects\Python_UI_Projects\jenkins-UI\tests\login_test.py
                  path: C:\Users\dumpd\Projects\Python_UI_Projects\jenkins-UI\tests\login_test.py
                pytest_pycollect_makemodule [hook]
                    parent: <Dir tests>
                    module_path: C:\Users\dumpd\Projects\Python_UI_Projects\jenkins-UI\tests\login_test.py
                    path: C:\Users\dumpd\Projects\Python_UI_Projects\jenkins-UI\tests\login_test.py
                finish pytest_pycollect_makemodule --> <Module login_test.py> [hook]
              finish pytest_collect_file --> [<Module login_test.py>] [hook]
              pytest_ignore_collect [hook]
                  config: <_pytest.config.Config object at 0x0000020104052F90>
                  collection_path: C:\Users\dumpd\Projects\Python_UI_Projects\jenkins-UI\tests\manage_jenkins_test.py
                  path: C:\Users\dumpd\Projects\Python_UI_Projects\jenkins-UI\tests\manage_jenkins_test.py
              finish pytest_ignore_collect --> None [hook]
              pytest_collect_file [hook]
                  parent: <Dir tests>
                  file_path: C:\Users\dumpd\Projects\Python_UI_Projects\jenkins-UI\tests\manage_jenkins_test.py
                  path: C:\Users\dumpd\Projects\Python_UI_Projects\jenkins-UI\tests\manage_jenkins_test.py
                pytest_pycollect_makemodule [hook]
                    parent: <Dir tests>
                    module_path: C:\Users\dumpd\Projects\Python_UI_Projects\jenkins-UI\tests\manage_jenkins_test.py
                    path: C:\Users\dumpd\Projects\Python_UI_Projects\jenkins-UI\tests\manage_jenkins_test.py
                finish pytest_pycollect_makemodule --> <Module manage_jenkins_test.py> [hook]
              finish pytest_collect_file --> [<Module manage_jenkins_test.py>] [hook]
            finish pytest_make_collect_report --> <CollectReport 'tests' lenresult=6 outcome='passed'> [hook]
        finish pytest_make_collect_report --> <CollectReport '' lenresult=1 outcome='passed'> [hook]
        pytest_collectreport [hook]
            report: <CollectReport '' lenresult=1 outcome='passed'>
        finish pytest_collectreport --> [] [hook]
    genitems <Module login_test.py> [collection]
      pytest_collectstart [hook]
          collector: <Module login_test.py>
      finish pytest_collectstart --> [] [hook]
      pytest_make_collect_report [hook]
          collector: <Module login_test.py>
      find_module called for: login_test [assertion]
      matched test file (was specified on cmdline): 'C:\\Users\\dumpd\\Projects\\Python_UI_Projects\\jenkins-UI\\tests\\login_test.py' [assertion]
      rewriting WindowsPath('C:/Users/dumpd/Projects/Python_UI_Projects/jenkins-UI/tests/login_test.py') [assertion]
      early skip of rewriting module: data [assertion]
      early skip of rewriting module: data.locators [assertion]
      early skip of rewriting module: data.locators.login_page_locators [assertion]
        pytest_pycollect_makeitem [hook]
            collector: <Module login_test.py>
            name: @py_builtins
            obj: <module 'builtins' (built-in)>
        finish pytest_pycollect_makeitem --> None [hook]
        pytest_pycollect_makeitem [hook]
            collector: <Module login_test.py>
            name: @pytest_ar
            obj: <module '_pytest.assertion.rewrite' from 'C:\\Users\\dumpd\\AppData\\Local\\Programs\\Python\\Python313\\Lib\\site-packages\\_pytest\\assertion\\rewrite.py'>
        finish pytest_pycollect_makeitem --> None [hook]
        pytest_pycollect_makeitem [hook]
            collector: <Module login_test.py>
            name: sync_playwright
            obj: <function sync_playwright at 0x0000020106679580>
        finish pytest_pycollect_makeitem --> None [hook]
        pytest_pycollect_makeitem [hook]
            collector: <Module login_test.py>
            name: expect
            obj: <playwright.sync_api.Expect object at 0x000002010665E3C0>
        finish pytest_pycollect_makeitem --> None [hook]
        pytest_pycollect_makeitem [hook]
            collector: <Module login_test.py>
            name: os
            obj: <module 'os' (frozen)>
        finish pytest_pycollect_makeitem --> None [hook]
        pytest_pycollect_makeitem [hook]
            collector: <Module login_test.py>
            name: load_dotenv
            obj: <function load_dotenv at 0x00000201072AF100>
        finish pytest_pycollect_makeitem --> None [hook]
        pytest_pycollect_makeitem [hook]
            collector: <Module login_test.py>
            name: Locators
            obj: <class 'data.locators.login_page_locators.Locators'>
        finish pytest_pycollect_makeitem --> None [hook]
        pytest_pycollect_makeitem [hook]
            collector: <Module login_test.py>
            name: locator
            obj: <data.locators.login_page_locators.Locators object at 0x00000201072D9400>
        finish pytest_pycollect_makeitem --> None [hook]
        pytest_pycollect_makeitem [hook]
            collector: <Module login_test.py>
            name: test_login_invalid_username
            obj: <function test_login_invalid_username at 0x00000201072D6C00>
          pytest_generate_tests [hook]
              metafunc: <_pytest.python.Metafunc object at 0x00000201072D9A90>
          finish pytest_generate_tests --> [] [hook]
        finish pytest_pycollect_makeitem --> [<Function test_login_invalid_username>] [hook]
      finish pytest_make_collect_report --> <CollectReport 'tests/login_test.py' lenresult=1 outcome='passed'> [hook]
    genitems <Function test_login_invalid_username> [collection]
      pytest_itemcollected [hook]
          item: <Function test_login_invalid_username>
      finish pytest_itemcollected --> [] [hook]
      pytest_collectreport [hook]
          report: <CollectReport 'tests/login_test.py' lenresult=1 outcome='passed'>
      finish pytest_collectreport --> [] [hook]
      pytest_collection_modifyitems [hook]
          session: <Session  exitstatus=<ExitCode.OK: 0> testsfailed=0 testscollected=0>
          config: <_pytest.config.Config object at 0x0000020104052F90>
          items: [<Function test_login_invalid_username>]
      finish pytest_collection_modifyitems --> [] [hook]
      pytest_collection_finish [hook]
          session: <Session  exitstatus=<ExitCode.OK: 0> testsfailed=0 testscollected=0>
        pytest_report_collectionfinish [hook]
            config: <_pytest.config.Config object at 0x0000020104052F90>
            items: [<Function test_login_invalid_username>]
            start_path: C:\Users\dumpd\Projects\Python_UI_Projects\jenkins-UI
            startdir: C:\Users\dumpd\Projects\Python_UI_Projects\jenkins-UI
        finish pytest_report_collectionfinish --> [] [hook]
      finish pytest_collection_finish --> [] [hook]
    finish pytest_collection --> None [hook]
    pytest_runtestloop [hook]
        session: <Session  exitstatus=<ExitCode.OK: 0> testsfailed=0 testscollected=1>
      pytest_runtest_protocol [hook]
          item: <Function test_login_invalid_username>
          nextitem: None
        pytest_runtest_logstart [hook]
            nodeid: tests/login_test.py::test_login_invalid_username
            location: ('tests\\login_test.py', 22, 'test_login_invalid_username')
        finish pytest_runtest_logstart --> [] [hook]
        pytest_runtest_setup [hook]
            item: <Function test_login_invalid_username>
          pytest_fixture_setup [hook]
              fixturedef: <FixtureDef argname='_session_faker' scope='session' baseid=''>
              request: <SubRequest '_session_faker' for <Function test_login_invalid_username>>
          matched marked file 'faker.providers.address.en_US' (from 'faker') [assertion]
          find_module called for: faker.providers.address.en_US [assertion]
          found cached rewritten pyc for C:\Users\dumpd\AppData\Local\Programs\Python\Python313\Lib\site-packages\faker\providers\address\en_US\__init__.py [assertion]
          matched marked file 'faker.providers.address.en' (from 'faker') [assertion]
          find_module called for: faker.providers.address.en [assertion]
          found cached rewritten pyc for C:\Users\dumpd\AppData\Local\Programs\Python\Python313\Lib\site-packages\faker\providers\address\en\__init__.py [assertion]
          matched marked file 'faker.providers.automotive.en_US' (from 'faker') [assertion]
          find_module called for: faker.providers.automotive.en_US [assertion]
          found cached rewritten pyc for C:\Users\dumpd\AppData\Local\Programs\Python\Python313\Lib\site-packages\faker\providers\automotive\en_US\__init__.py [assertion]
          matched marked file 'faker.providers.bank.en_GB' (from 'faker') [assertion]
          find_module called for: faker.providers.bank.en_GB [assertion]
          found cached rewritten pyc for C:\Users\dumpd\AppData\Local\Programs\Python\Python313\Lib\site-packages\faker\providers\bank\en_GB\__init__.py [assertion]
          matched marked file 'faker.providers.barcode.en_US' (from 'faker') [assertion]
          find_module called for: faker.providers.barcode.en_US [assertion]
          found cached rewritten pyc for C:\Users\dumpd\AppData\Local\Programs\Python\Python313\Lib\site-packages\faker\providers\barcode\en_US\__init__.py [assertion]
          matched marked file 'faker.providers.color.en_US' (from 'faker') [assertion]
          find_module called for: faker.providers.color.en_US [assertion]
          found cached rewritten pyc for C:\Users\dumpd\AppData\Local\Programs\Python\Python313\Lib\site-packages\faker\providers\color\en_US\__init__.py [assertion]
          matched marked file 'faker.providers.company.en_US' (from 'faker') [assertion]
          find_module called for: faker.providers.company.en_US [assertion]
          found cached rewritten pyc for C:\Users\dumpd\AppData\Local\Programs\Python\Python313\Lib\site-packages\faker\providers\company\en_US\__init__.py [assertion]
          matched marked file 'faker.providers.credit_card.en_US' (from 'faker') [assertion]
          find_module called for: faker.providers.credit_card.en_US [assertion]
          found cached rewritten pyc for C:\Users\dumpd\AppData\Local\Programs\Python\Python313\Lib\site-packages\faker\providers\credit_card\en_US\__init__.py [assertion]
          matched marked file 'faker.providers.currency.en_US' (from 'faker') [assertion]
          find_module called for: faker.providers.currency.en_US [assertion]
          found cached rewritten pyc for C:\Users\dumpd\AppData\Local\Programs\Python\Python313\Lib\site-packages\faker\providers\currency\en_US\__init__.py [assertion]
          matched marked file 'faker.providers.date_time.en_US' (from 'faker') [assertion]
          find_module called for: faker.providers.date_time.en_US [assertion]
          found cached rewritten pyc for C:\Users\dumpd\AppData\Local\Programs\Python\Python313\Lib\site-packages\faker\providers\date_time\en_US\__init__.py [assertion]
          matched marked file 'faker.providers.geo.en_US' (from 'faker') [assertion]
          find_module called for: faker.providers.geo.en_US [assertion]
          found cached rewritten pyc for C:\Users\dumpd\AppData\Local\Programs\Python\Python313\Lib\site-packages\faker\providers\geo\en_US\__init__.py [assertion]
          matched marked file 'faker.providers.internet.en_US' (from 'faker') [assertion]
          find_module called for: faker.providers.internet.en_US [assertion]
          found cached rewritten pyc for C:\Users\dumpd\AppData\Local\Programs\Python\Python313\Lib\site-packages\faker\providers\internet\en_US\__init__.py [assertion]
          matched marked file 'faker.providers.isbn.en_US' (from 'faker') [assertion]
          find_module called for: faker.providers.isbn.en_US [assertion]
          found cached rewritten pyc for C:\Users\dumpd\AppData\Local\Programs\Python\Python313\Lib\site-packages\faker\providers\isbn\en_US\__init__.py [assertion]
          matched marked file 'faker.providers.job.en_US' (from 'faker') [assertion]
          find_module called for: faker.providers.job.en_US [assertion]
          found cached rewritten pyc for C:\Users\dumpd\AppData\Local\Programs\Python\Python313\Lib\site-packages\faker\providers\job\en_US\__init__.py [assertion]
          matched marked file 'faker.providers.misc.en_US' (from 'faker') [assertion]
          find_module called for: faker.providers.misc.en_US [assertion]
          found cached rewritten pyc for C:\Users\dumpd\AppData\Local\Programs\Python\Python313\Lib\site-packages\faker\providers\misc\en_US\__init__.py [assertion]
          matched marked file 'faker.providers.passport.en_US' (from 'faker') [assertion]
          find_module called for: faker.providers.passport.en_US [assertion]
          found cached rewritten pyc for C:\Users\dumpd\AppData\Local\Programs\Python\Python313\Lib\site-packages\faker\providers\passport\en_US\__init__.py [assertion]
          matched marked file 'faker.providers.person.en_US' (from 'faker') [assertion]
          find_module called for: faker.providers.person.en_US [assertion]
          found cached rewritten pyc for C:\Users\dumpd\AppData\Local\Programs\Python\Python313\Lib\site-packages\faker\providers\person\en_US\__init__.py [assertion]
          matched marked file 'faker.providers.phone_number.en_US' (from 'faker') [assertion]
          find_module called for: faker.providers.phone_number.en_US [assertion]
          found cached rewritten pyc for C:\Users\dumpd\AppData\Local\Programs\Python\Python313\Lib\site-packages\faker\providers\phone_number\en_US\__init__.py [assertion]
          matched marked file 'faker.providers.ssn.en_US' (from 'faker') [assertion]
          find_module called for: faker.providers.ssn.en_US [assertion]
          found cached rewritten pyc for C:\Users\dumpd\AppData\Local\Programs\Python\Python313\Lib\site-packages\faker\providers\ssn\en_US\__init__.py [assertion]
          finish pytest_fixture_setup --> <faker.proxy.Faker object at 0x00000201072D9A90> [hook]
          pytest_fixture_setup [hook]
              fixturedef: <FixtureDef argname='base_url' scope='session' baseid=''>
              request: <SubRequest 'base_url' for <Function test_login_invalid_username>>
          finish pytest_fixture_setup -->  [hook]
          pytest_fixture_setup [hook]
              fixturedef: <FixtureDef argname='_verify_url' scope='session' baseid=''>
              request: <SubRequest '_verify_url' for <Function test_login_invalid_username>>
          finish pytest_fixture_setup --> None [hook]
          pytest_fixture_setup [hook]
              fixturedef: <FixtureDef argname='pytestconfig' scope='session' baseid=''>
              request: <SubRequest 'pytestconfig' for <Function test_login_invalid_username>>
          finish pytest_fixture_setup --> <_pytest.config.Config object at 0x0000020104052F90> [hook]
          pytest_fixture_setup [hook]
              fixturedef: <FixtureDef argname='delete_output_dir' scope='session' baseid=''>
              request: <SubRequest 'delete_output_dir' for <Function test_login_invalid_username>>
          finish pytest_fixture_setup --> None [hook]
          pytest_fixture_setup [hook]
              fixturedef: <FixtureDef argname='delete_all_jobs_after_test' scope='session' baseid=''>
              request: <SubRequest 'delete_all_jobs_after_test' for <Function test_login_invalid_username>>
          finish pytest_fixture_setup --> None [hook]
          pytest_fixture_setup [hook]
              fixturedef: <FixtureDef argname='playwright' scope='session' baseid=''>
              request: <SubRequest 'playwright' for <Function test_login_invalid_username>>
          finish pytest_fixture_setup --> <playwright._impl._playwright.Playwright object at 0x00000201073A1BE0> [hook]
          pytest_fixture_setup [hook]
              fixturedef: <FixtureDef argname='get_cookies' scope='function' baseid=''>
              request: <SubRequest 'get_cookies' for <Function test_login_invalid_username>>
          finish pytest_fixture_setup --> [{'name': 'JSESSIONID.85e57288', 'value': 'node01q6aqcud00e9j1xggrmjgtrmlw52.node0', 'domain': 'localhost', 'path': '/', 'expires': -1, 'httpOnly': True, 'secure': False, 'sameSite': 'Lax'}] [hook]
          pytest_fixture_setup [hook]
              fixturedef: <FixtureDef argname='page' scope='function' baseid=''>
              request: <SubRequest 'page' for <Function test_login_invalid_username>>
          finish pytest_fixture_setup --> <Page url='about:blank'> [hook]
        finish pytest_runtest_setup --> None [hook]
        pytest_runtest_makereport [hook]
            item: <Function test_login_invalid_username>
            call: <CallInfo when='setup' result: None>
        finish pytest_runtest_makereport --> <TestReport 'tests/login_test.py::test_login_invalid_username' when='setup' outcome='passed'> [hook]
        pytest_runtest_logreport [hook]
            report: <TestReport 'tests/login_test.py::test_login_invalid_username' when='setup' outcome='passed'>
          pytest_report_teststatus [hook]
              report: <TestReport 'tests/login_test.py::test_login_invalid_username' when='setup' outcome='passed'>
              config: <_pytest.config.Config object at 0x0000020104052F90>
          finish pytest_report_teststatus --> ('', '', '') [hook]
        finish pytest_runtest_logreport --> [] [hook]
        pytest_runtest_call [hook]
            item: <Function test_login_invalid_username>
          pytest_pyfunc_call [hook]
              pyfuncitem: <Function test_login_invalid_username>
        pytest_runtest_makereport [hook]
            item: <Function test_login_invalid_username>
            call: <CallInfo when='call' excinfo=<ExceptionInfo AssertionError('Locator expected to be visible\nActual value: None\nError: element(s) not found \nCall log:\n  - Expect "to_be_visible" with timeout 5000ms\n  - waiting for locator("div#main-panel div.error")\n') tblen=32>>
        finish pytest_runtest_makereport --> <TestReport 'tests/login_test.py::test_login_invalid_username' when='call' outcome='failed'> [hook]
        pytest_runtest_logreport [hook]
            report: <TestReport 'tests/login_test.py::test_login_invalid_username' when='call' outcome='failed'>
          pytest_report_teststatus [hook]
              report: <TestReport 'tests/login_test.py::test_login_invalid_username' when='call' outcome='failed'>
              config: <_pytest.config.Config object at 0x0000020104052F90>
          finish pytest_report_teststatus --> ('failed', 'F', 'FAILED') [hook]
        finish pytest_runtest_logreport --> [] [hook]
        pytest_exception_interact [hook]
            node: <Function test_login_invalid_username>
            call: <CallInfo when='call' excinfo=<ExceptionInfo AssertionError('Locator expected to be visible\nActual value: None\nError: element(s) not found \nCall log:\n  - Expect "to_be_visible" with timeout 5000ms\n  - waiting for locator("div#main-panel div.error")\n') tblen=32>>
            report: <TestReport 'tests/login_test.py::test_login_invalid_username' when='call' outcome='failed'>
        finish pytest_exception_interact --> [] [hook]
        pytest_runtest_teardown [hook]
            item: <Function test_login_invalid_username>
            nextitem: None
          pytest_fixture_post_finalizer [hook]
              fixturedef: <FixtureDef argname='page' scope='function' baseid=''>
              request: <SubRequest 'page' for <Function test_login_invalid_username>>
          finish pytest_fixture_post_finalizer --> [] [hook]
          pytest_fixture_post_finalizer [hook]
              fixturedef: <FixtureDef argname='page' scope='function' baseid=''>
              request: <SubRequest 'page' for <Function test_login_invalid_username>>
          finish pytest_fixture_post_finalizer --> [] [hook]
          pytest_fixture_post_finalizer [hook]
              fixturedef: <FixtureDef argname='get_cookies' scope='function' baseid=''>
              request: <SubRequest 'get_cookies' for <Function test_login_invalid_username>>
          finish pytest_fixture_post_finalizer --> [] [hook]
          pytest_fixture_post_finalizer [hook]
              fixturedef: <FixtureDef argname='page' scope='function' baseid=''>
              request: <SubRequest 'page' for <Function test_login_invalid_username>>
          finish pytest_fixture_post_finalizer --> [] [hook]
          pytest_fixture_post_finalizer [hook]
              fixturedef: <FixtureDef argname='get_cookies' scope='function' baseid=''>
              request: <SubRequest 'get_cookies' for <Function test_login_invalid_username>>
          finish pytest_fixture_post_finalizer --> [] [hook]
          pytest_fixture_post_finalizer [hook]
              fixturedef: <FixtureDef argname='playwright' scope='session' baseid=''>
              request: <SubRequest 'playwright' for <Function test_login_invalid_username>>
          finish pytest_fixture_post_finalizer --> [] [hook]
          pytest_fixture_post_finalizer [hook]
              fixturedef: <FixtureDef argname='delete_all_jobs_after_test' scope='session' baseid=''>
              request: <SubRequest 'delete_all_jobs_after_test' for <Function test_login_invalid_username>>
          finish pytest_fixture_post_finalizer --> [] [hook]
          pytest_fixture_post_finalizer [hook]
              fixturedef: <FixtureDef argname='delete_output_dir' scope='session' baseid=''>
              request: <SubRequest 'delete_output_dir' for <Function test_login_invalid_username>>
          finish pytest_fixture_post_finalizer --> [] [hook]
          pytest_fixture_post_finalizer [hook]
              fixturedef: <FixtureDef argname='delete_output_dir' scope='session' baseid=''>
              request: <SubRequest 'delete_output_dir' for <Function test_login_invalid_username>>
          finish pytest_fixture_post_finalizer --> [] [hook]
          pytest_fixture_post_finalizer [hook]
              fixturedef: <FixtureDef argname='pytestconfig' scope='session' baseid=''>
              request: <SubRequest 'pytestconfig' for <Function test_login_invalid_username>>
          finish pytest_fixture_post_finalizer --> [] [hook]
          pytest_fixture_post_finalizer [hook]
              fixturedef: <FixtureDef argname='_verify_url' scope='session' baseid=''>
              request: <SubRequest '_verify_url' for <Function test_login_invalid_username>>
          finish pytest_fixture_post_finalizer --> [] [hook]
          pytest_fixture_post_finalizer [hook]
              fixturedef: <FixtureDef argname='_verify_url' scope='session' baseid=''>
              request: <SubRequest '_verify_url' for <Function test_login_invalid_username>>
          finish pytest_fixture_post_finalizer --> [] [hook]
          pytest_fixture_post_finalizer [hook]
              fixturedef: <FixtureDef argname='base_url' scope='session' baseid=''>
              request: <SubRequest 'base_url' for <Function test_login_invalid_username>>
          finish pytest_fixture_post_finalizer --> [] [hook]
          pytest_fixture_post_finalizer [hook]
              fixturedef: <FixtureDef argname='_session_faker' scope='session' baseid=''>
              request: <SubRequest '_session_faker' for <Function test_login_invalid_username>>
          finish pytest_fixture_post_finalizer --> [] [hook]
        finish pytest_runtest_teardown --> None [hook]
        pytest_runtest_makereport [hook]
            item: <Function test_login_invalid_username>
            call: <CallInfo when='teardown' result: None>
        finish pytest_runtest_makereport --> <TestReport 'tests/login_test.py::test_login_invalid_username' when='teardown' outcome='passed'> [hook]
        pytest_runtest_logreport [hook]
            report: <TestReport 'tests/login_test.py::test_login_invalid_username' when='teardown' outcome='passed'>
          pytest_report_teststatus [hook]
              report: <TestReport 'tests/login_test.py::test_login_invalid_username' when='teardown' outcome='passed'>
              config: <_pytest.config.Config object at 0x0000020104052F90>
          finish pytest_report_teststatus --> ('', '', '') [hook]
        finish pytest_runtest_logreport --> [] [hook]
        pytest_runtest_logfinish [hook]
            nodeid: tests/login_test.py::test_login_invalid_username
            location: ('tests\\login_test.py', 22, 'test_login_invalid_username')
        finish pytest_runtest_logfinish --> [] [hook]
      finish pytest_runtest_protocol --> True [hook]
    finish pytest_runtestloop --> True [hook]
    pytest_sessionfinish [hook]
        session: <Session  exitstatus=<ExitCode.TESTS_FAILED: 1> testsfailed=1 testscollected=1>
        exitstatus: 1
      pytest_terminal_summary [hook]
          terminalreporter: <_pytest.terminal.TerminalReporter object at 0x0000020107193B60>
          exitstatus: 1
          config: <_pytest.config.Config object at 0x0000020104052F90>
        pytest_report_teststatus [hook]
            report: <TestReport 'tests/login_test.py::test_login_invalid_username' when='call' outcome='failed'>
            config: <_pytest.config.Config object at 0x0000020104052F90>
        finish pytest_report_teststatus --> ('failed', 'F', 'FAILED') [hook]
      finish pytest_terminal_summary --> [] [hook]
    finish pytest_sessionfinish --> [] [hook]
    pytest_unconfigure [hook]
        config: <_pytest.config.Config object at 0x0000020104052F90>
    finish pytest_unconfigure --> [] [hook]
